[2026-04-08 13:55:45] ========================================
[2026-04-08 13:55:45] Pipeline started (DRY RUN)
[2026-04-08 13:55:45] ========================================
[2026-04-08 13:55:45] --- Step 1: Scout ---
[2026-04-08 13:55:45] Scout completed: 0 new leads
[2026-04-08 13:55:45] --- Step 2: Composer ---
[2026-04-08 13:55:45] Composer completed: 0 emails queued
[2026-04-08 13:55:45] --- Step 3: Sender ---
[2026-04-08 13:55:45] Sender completed: 0 emails sent
[2026-04-08 13:55:45] --- Step 4: Followup ---
[2026-04-08 13:55:45] Followup completed: 0 followup emails created
[2026-04-08 13:55:45] --- Step 5: Tracker ---
[2026-04-08 13:55:45] ========================================
[2026-04-08 13:55:45] Pipeline completed in 0.0s
[2026-04-08 13:55:45]   New leads: 0
[2026-04-08 13:55:45]   Emails composed: 0
[2026-04-08 13:55:45]   Emails sent: 0
[2026-04-08 13:55:45]   Followups: 0
[2026-04-08 13:55:45] ========================================
[2026-04-08 14:06:17] ========================================
[2026-04-08 14:06:17] Pipeline started 
[2026-04-08 14:06:17] ========================================
[2026-04-08 14:21:20] ========================================
[2026-04-08 14:21:20] Pipeline started 
[2026-04-08 14:21:20] ========================================
